method_3 Документация к методу 32022-11-30 10:10:34.280578
method_1 Документация к методу 12022-11-30 10:10:49.985200
method_2 Документация к методу 22022-11-30 10:10:49.985200
method_3 Документация к методу 32022-11-30 10:10:49.985200
method_1 Документация к методу 12022-11-30 10:11:10.329613
method_2 Документация к методу 22022-11-30 10:11:10.329613
method_3 Документация к методу 32022-11-30 10:11:10.329613
method_1 Документация к методу 12022-11-30 10:11:10.824579
method_2 Документация к методу 22022-11-30 10:11:10.824579
method_3 Документация к методу 32022-11-30 10:11:10.824579
method_1<__main__.MyClass object at 0x000002622A8BFB80> Документация к методу 12022-11-30 10:11:45.882986
method_2<__main__.MyClass object at 0x000002622A8BFB80> Документация к методу 22022-11-30 10:11:45.883983
method_3<__main__.MyClass object at 0x000002622A8BFB80> Документация к методу 32022-11-30 10:11:45.883983
method_1(<__main__.MyClass object at 0x00000169832DFAC0>, 1) Документация к методу 12022-11-30 10:13:12.897954
method_2(<__main__.MyClass object at 0x00000169832DFAC0>, 1) Документация к методу 22022-11-30 10:13:12.897954
method_3(<__main__.MyClass object at 0x00000169832DFAC0>, 1) Документация к методу 32022-11-30 10:13:12.897954
method_11 Документация к методу 12022-11-30 10:14:13.426669
method_21 Документация к методу 22022-11-30 10:14:13.426669
method_31 Документация к методу 32022-11-30 10:14:13.426669
method_1 аргумент1 Документация к методу 12022-11-30 10:14:31.991507
method_2 аргумент1 Документация к методу 22022-11-30 10:14:31.991507
method_3 аргумент1 Документация к методу 32022-11-30 10:14:31.991507
method_1 аргумент 1 Документация к методу 12022-11-30 10:14:39.207082
method_2 аргумент 1 Документация к методу 22022-11-30 10:14:39.208077
method_3 аргумент 1 Документация к методу 32022-11-30 10:14:39.208077
method_1 аргумент 1 Документация к методу 12022-11-30 10:16:08.504357
method_2 аргумент 1 Документация к методу 22022-11-30 10:16:08.504357
method_3 аргумент 1 Документация к методу 32022-11-30 10:16:08.504357
